g:\documents\cppprojects\interviewquestions\reverselist\debug\16_reverselist.pch
g:\documents\cppprojects\interviewquestions\reverselist\debug\vc120.pdb
g:\documents\cppprojects\interviewquestions\reverselist\debug\vc120.idb
g:\documents\cppprojects\interviewquestions\reverselist\debug\stdafx.obj
g:\documents\cppprojects\interviewquestions\reverselist\debug\reverselist.obj
g:\documents\cppprojects\interviewquestions\debug\16_reverselist.ilk
g:\documents\cppprojects\interviewquestions\debug\16_reverselist.exe
g:\documents\cppprojects\interviewquestions\debug\16_reverselist.pdb
f:\documents\cppprojects\interviewquestions\reverselist\debug\reverselist.obj
f:\documents\cppprojects\interviewquestions\reverselist\debug\stdafx.obj
f:\documents\cppprojects\interviewquestions\reverselist\debug\16_reverselist.pch
f:\documents\cppprojects\interviewquestions\reverselist\debug\vc120.idb
f:\documents\cppprojects\interviewquestions\reverselist\debug\vc120.pdb
f:\documents\cppprojects\interviewquestions\debug\16_reverselist.pdb
f:\documents\cppprojects\interviewquestions\debug\16_reverselist.exe
f:\documents\cppprojects\interviewquestions\debug\16_reverselist.ilk
f:\documents\cppprojects\interviewquestions\reverselist\debug\16_reverselist.tlog\cl.command.1.tlog
f:\documents\cppprojects\interviewquestions\reverselist\debug\16_reverselist.tlog\cl.read.1.tlog
f:\documents\cppprojects\interviewquestions\reverselist\debug\16_reverselist.tlog\cl.write.1.tlog
f:\documents\cppprojects\interviewquestions\reverselist\debug\16_reverselist.tlog\link.command.1.tlog
f:\documents\cppprojects\interviewquestions\reverselist\debug\16_reverselist.tlog\link.read.1.tlog
f:\documents\cppprojects\interviewquestions\reverselist\debug\16_reverselist.tlog\link.write.1.tlog
