g:\documents\cppprojects\interviewquestions\numberof1inbinary\debug\10_numberof1inbinary.pch
g:\documents\cppprojects\interviewquestions\numberof1inbinary\debug\vc120.pdb
g:\documents\cppprojects\interviewquestions\numberof1inbinary\debug\vc120.idb
g:\documents\cppprojects\interviewquestions\numberof1inbinary\debug\stdafx.obj
g:\documents\cppprojects\interviewquestions\numberof1inbinary\debug\numberof1inbinary.obj
f:\documents\cppprojects\interviewquestions\numberof1inbinary\debug\10_numberof1inbinary.pch
f:\documents\cppprojects\interviewquestions\numberof1inbinary\debug\vc140.pdb
f:\documents\cppprojects\interviewquestions\numberof1inbinary\debug\vc140.idb
f:\documents\cppprojects\interviewquestions\numberof1inbinary\debug\stdafx.obj
f:\documents\cppprojects\interviewquestions\numberof1inbinary\debug\numberof1inbinary.obj
g:\documents\cppprojects\interviewquestions\debug\10_numberof1inbinary.ilk
g:\documents\cppprojects\interviewquestions\debug\10_numberof1inbinary.exe
g:\documents\cppprojects\interviewquestions\debug\10_numberof1inbinary.pdb
f:\documents\cppprojects\interviewquestions\debug\10_numberof1inbinary.ilk
f:\documents\cppprojects\interviewquestions\debug\10_numberof1inbinary.exe
f:\documents\cppprojects\interviewquestions\debug\10_numberof1inbinary.pdb
f:\documents\cppprojects\interviewquestions\numberof1inbinary\debug\vc120.idb
f:\documents\cppprojects\interviewquestions\numberof1inbinary\debug\vc120.pdb
f:\documents\cppprojects\interviewquestions\numberof1inbinary\debug\10_numbe.05387b17.tlog\cl.command.1.tlog
f:\documents\cppprojects\interviewquestions\numberof1inbinary\debug\10_numbe.05387b17.tlog\cl.read.1.tlog
f:\documents\cppprojects\interviewquestions\numberof1inbinary\debug\10_numbe.05387b17.tlog\cl.write.1.tlog
f:\documents\cppprojects\interviewquestions\numberof1inbinary\debug\10_numbe.05387b17.tlog\link.command.1.tlog
f:\documents\cppprojects\interviewquestions\numberof1inbinary\debug\10_numbe.05387b17.tlog\link.read.1.tlog
f:\documents\cppprojects\interviewquestions\numberof1inbinary\debug\10_numbe.05387b17.tlog\link.write.1.tlog
