g:\documents\cppprojects\interviewquestions\utilities\debug\utilities.pch
g:\documents\cppprojects\interviewquestions\utilities\debug\vc120.pdb
g:\documents\cppprojects\interviewquestions\utilities\debug\vc120.idb
g:\documents\cppprojects\interviewquestions\utilities\debug\stdafx.obj
g:\documents\cppprojects\interviewquestions\utilities\debug\array.obj
g:\documents\cppprojects\interviewquestions\utilities\debug\binarytree.obj
g:\documents\cppprojects\interviewquestions\utilities\debug\list.obj
g:\documents\cppprojects\interviewquestions\utilities\debug\stringutil.obj
g:\documents\cppprojects\interviewquestions\utilities\debug\tree.obj
g:\documents\cppprojects\interviewquestions\utilities\debug\dllmain.obj
g:\documents\cppprojects\interviewquestions\debug\utilities.ilk
g:\documents\cppprojects\interviewquestions\debug\utilities.dll
g:\documents\cppprojects\interviewquestions\debug\utilities.pdb
g:\documents\cppprojects\interviewquestions\debug\utilities.lib
g:\documents\cppprojects\interviewquestions\debug\utilities.exp
f:\documents\cppprojects\interviewquestions\utilities\debug\array.obj
f:\documents\cppprojects\interviewquestions\utilities\debug\binarytree.obj
f:\documents\cppprojects\interviewquestions\utilities\debug\dllmain.obj
f:\documents\cppprojects\interviewquestions\utilities\debug\list.obj
f:\documents\cppprojects\interviewquestions\utilities\debug\stdafx.obj
f:\documents\cppprojects\interviewquestions\utilities\debug\stringutil.obj
f:\documents\cppprojects\interviewquestions\utilities\debug\tree.obj
f:\documents\cppprojects\interviewquestions\utilities\debug\utilities.pch
f:\documents\cppprojects\interviewquestions\utilities\debug\vc120.idb
f:\documents\cppprojects\interviewquestions\utilities\debug\vc120.pdb
f:\documents\cppprojects\interviewquestions\debug\utilities.pdb
f:\documents\cppprojects\interviewquestions\debug\utilities.dll
f:\documents\cppprojects\interviewquestions\debug\utilities.ilk
f:\documents\cppprojects\interviewquestions\utilities\debug\utilities.tlog\cl.command.1.tlog
f:\documents\cppprojects\interviewquestions\utilities\debug\utilities.tlog\cl.read.1.tlog
f:\documents\cppprojects\interviewquestions\utilities\debug\utilities.tlog\cl.write.1.tlog
f:\documents\cppprojects\interviewquestions\utilities\debug\utilities.tlog\link.command.1.tlog
f:\documents\cppprojects\interviewquestions\utilities\debug\utilities.tlog\link.read.1.tlog
f:\documents\cppprojects\interviewquestions\utilities\debug\utilities.tlog\link.write.1.tlog
f:\documents\cppprojects\interviewquestions\utilities\debug\utilities.tlog\utilities.write.1u.tlog
