g:\documents\cppprojects\interviewquestions\printlistinreversedorder\debug\05_printlistinreversedorder.pch
g:\documents\cppprojects\interviewquestions\printlistinreversedorder\debug\vc120.pdb
g:\documents\cppprojects\interviewquestions\printlistinreversedorder\debug\vc120.idb
g:\documents\cppprojects\interviewquestions\printlistinreversedorder\debug\stdafx.obj
g:\documents\cppprojects\interviewquestions\printlistinreversedorder\debug\printlistinreversedorder.obj
g:\documents\cppprojects\interviewquestions\debug\05_printlistinreversedorder.ilk
g:\documents\cppprojects\interviewquestions\debug\05_printlistinreversedorder.exe
g:\documents\cppprojects\interviewquestions\debug\05_printlistinreversedorder.pdb
f:\documents\cppprojects\interviewquestions\printlistinreversedorder\debug\printlistinreversedorder.obj
f:\documents\cppprojects\interviewquestions\printlistinreversedorder\debug\stdafx.obj
f:\documents\cppprojects\interviewquestions\printlistinreversedorder\debug\05_printlistinreversedorder.pch
f:\documents\cppprojects\interviewquestions\printlistinreversedorder\debug\vc120.idb
f:\documents\cppprojects\interviewquestions\printlistinreversedorder\debug\vc120.pdb
f:\documents\cppprojects\interviewquestions\debug\05_printlistinreversedorder.pdb
f:\documents\cppprojects\interviewquestions\debug\05_printlistinreversedorder.exe
f:\documents\cppprojects\interviewquestions\debug\05_printlistinreversedorder.ilk
f:\documents\cppprojects\interviewquestions\printlistinreversedorder\debug\05_print.d4f71484.tlog\cl.command.1.tlog
f:\documents\cppprojects\interviewquestions\printlistinreversedorder\debug\05_print.d4f71484.tlog\cl.read.1.tlog
f:\documents\cppprojects\interviewquestions\printlistinreversedorder\debug\05_print.d4f71484.tlog\cl.write.1.tlog
f:\documents\cppprojects\interviewquestions\printlistinreversedorder\debug\05_print.d4f71484.tlog\link.command.1.tlog
f:\documents\cppprojects\interviewquestions\printlistinreversedorder\debug\05_print.d4f71484.tlog\link.read.1.tlog
f:\documents\cppprojects\interviewquestions\printlistinreversedorder\debug\05_print.d4f71484.tlog\link.write.1.tlog
