g:\documents\cppprojects\interviewquestions\kthnodefromend\debug\15_kthnodefromend.pch
g:\documents\cppprojects\interviewquestions\kthnodefromend\debug\vc120.pdb
g:\documents\cppprojects\interviewquestions\kthnodefromend\debug\vc120.idb
g:\documents\cppprojects\interviewquestions\kthnodefromend\debug\stdafx.obj
g:\documents\cppprojects\interviewquestions\kthnodefromend\debug\kthnodefromend.obj
g:\documents\cppprojects\interviewquestions\debug\15_kthnodefromend.ilk
g:\documents\cppprojects\interviewquestions\debug\15_kthnodefromend.exe
g:\documents\cppprojects\interviewquestions\debug\15_kthnodefromend.pdb
f:\documents\cppprojects\interviewquestions\kthnodefromend\debug\kthnodefromend.obj
f:\documents\cppprojects\interviewquestions\kthnodefromend\debug\stdafx.obj
f:\documents\cppprojects\interviewquestions\kthnodefromend\debug\15_kthnodefromend.pch
f:\documents\cppprojects\interviewquestions\kthnodefromend\debug\vc120.idb
f:\documents\cppprojects\interviewquestions\kthnodefromend\debug\vc120.pdb
f:\documents\cppprojects\interviewquestions\debug\15_kthnodefromend.pdb
f:\documents\cppprojects\interviewquestions\debug\15_kthnodefromend.exe
f:\documents\cppprojects\interviewquestions\debug\15_kthnodefromend.ilk
f:\documents\cppprojects\interviewquestions\kthnodefromend\debug\15_kthno.acf68211.tlog\cl.command.1.tlog
f:\documents\cppprojects\interviewquestions\kthnodefromend\debug\15_kthno.acf68211.tlog\cl.read.1.tlog
f:\documents\cppprojects\interviewquestions\kthnodefromend\debug\15_kthno.acf68211.tlog\cl.write.1.tlog
f:\documents\cppprojects\interviewquestions\kthnodefromend\debug\15_kthno.acf68211.tlog\link.command.1.tlog
f:\documents\cppprojects\interviewquestions\kthnodefromend\debug\15_kthno.acf68211.tlog\link.read.1.tlog
f:\documents\cppprojects\interviewquestions\kthnodefromend\debug\15_kthno.acf68211.tlog\link.write.1.tlog
