g:\documents\cppprojects\interviewquestions\mininstack\debug\21_mininstack.pch
g:\documents\cppprojects\interviewquestions\mininstack\debug\vc120.pdb
g:\documents\cppprojects\interviewquestions\mininstack\debug\vc120.idb
g:\documents\cppprojects\interviewquestions\mininstack\debug\stdafx.obj
g:\documents\cppprojects\interviewquestions\mininstack\debug\mininstack.obj
f:\documents\cppprojects\interviewquestions\mininstack\debug\mininstack.obj
f:\documents\cppprojects\interviewquestions\mininstack\debug\stdafx.obj
f:\documents\cppprojects\interviewquestions\mininstack\debug\21_mininstack.pch
f:\documents\cppprojects\interviewquestions\mininstack\debug\vc120.idb
f:\documents\cppprojects\interviewquestions\mininstack\debug\vc120.pdb
f:\documents\cppprojects\interviewquestions\debug\21_mininstack.pdb
f:\documents\cppprojects\interviewquestions\mininstack\debug\21_mininstack.tlog\cl.command.1.tlog
f:\documents\cppprojects\interviewquestions\mininstack\debug\21_mininstack.tlog\cl.read.1.tlog
f:\documents\cppprojects\interviewquestions\mininstack\debug\21_mininstack.tlog\cl.write.1.tlog
f:\documents\cppprojects\interviewquestions\mininstack\debug\21_mininstack.tlog\link.9760-cvtres.read.1.tlog
f:\documents\cppprojects\interviewquestions\mininstack\debug\21_mininstack.tlog\link.9760-cvtres.write.1.tlog
f:\documents\cppprojects\interviewquestions\mininstack\debug\21_mininstack.tlog\link.9760-rc.read.1.tlog
f:\documents\cppprojects\interviewquestions\mininstack\debug\21_mininstack.tlog\link.9760-rc.write.1.tlog
f:\documents\cppprojects\interviewquestions\mininstack\debug\21_mininstack.tlog\link.9760.read.1.tlog
f:\documents\cppprojects\interviewquestions\mininstack\debug\21_mininstack.tlog\link.9760.write.1.tlog
f:\documents\cppprojects\interviewquestions\mininstack\debug\21_mininstack.tlog\link.command.1.tlog
f:\documents\cppprojects\interviewquestions\mininstack\debug\21_mininstack.tlog\link.read.1.tlog
f:\documents\cppprojects\interviewquestions\mininstack\debug\21_mininstack.tlog\link.write.1.tlog
